<?xml version="1.0" encoding="UTF-8"?>
<!-- Generated by org.testng.reporters.JUnitReportReporter -->
<testsuite hostname="ANIIN1L405097" failures="0" tests="1" name="testcases.TC_001_LoginTest" time="2.085" errors="0" timestamp="29 Aug 2021 09:39:54 GMT" skipped="0">
  <testcase classname="testcases.TC_001_LoginTest" name="f" time="2.085"/>
</testsuite> <!-- testcases.TC_001_LoginTest -->
