<?xml version="1.0" encoding="UTF-8"?>
<!-- Generated by org.testng.reporters.JUnitReportReporter -->
<testsuite hostname="ANIIN1L405097" failures="0" tests="1" name="testcases.TC_19_CategoriesInSearchBox" time="50.739" errors="0" timestamp="06 Oct 2021 15:34:41 GMT" skipped="0">
  <testcase classname="testcases.TC_19_CategoriesInSearchBox" name="categoriesInSearchBox" time="50.739"/>
</testsuite> <!-- testcases.TC_19_CategoriesInSearchBox -->
