<?xml version="1.0" encoding="UTF-8"?>
<!-- Generated by org.testng.reporters.JUnitReportReporter -->
<testsuite hostname="ANIIN1L405097" failures="0" tests="1" name="testcases.TC_18_ContactUsFunctionality" time="23.283" errors="0" timestamp="07 Nov 2021 08:50:27 GMT" skipped="0">
  <testcase classname="testcases.TC_18_ContactUsFunctionality" name="contactUsFunctionality" time="23.283"/>
</testsuite> <!-- testcases.TC_18_ContactUsFunctionality -->
