<?xml version="1.0" encoding="UTF-8"?>
<!-- Generated by org.testng.reporters.JUnitReportReporter -->
<testsuite hostname="ANIIN1L405097" failures="0" tests="2" name="testcases.TC_01_Login" time="33.140" errors="0" timestamp="30 Aug 2021 16:47:24 GMT" skipped="0">
  <testcase classname="testcases.TC_01_Login" name="loginValid" time="16.543"/>
  <testcase classname="testcases.TC_01_Login" name="loginInvalid" time="16.597"/>
</testsuite> <!-- testcases.TC_01_Login -->
