<?xml version="1.0" encoding="UTF-8"?>
<!-- Generated by org.testng.reporters.JUnitReportReporter -->
<testsuite hostname="ANIIN1L405097" failures="0" tests="1" name="testcases.TC_09_SearchSuggestions" time="30.338" errors="0" timestamp="06 Oct 2021 15:00:03 GMT" skipped="0">
  <testcase classname="testcases.TC_09_SearchSuggestions" name="verifySearchSuggestionsCharByChar" time="30.338"/>
</testsuite> <!-- testcases.TC_09_SearchSuggestions -->
