<?xml version="1.0" encoding="UTF-8"?>
<!-- Generated by org.testng.reporters.JUnitReportReporter -->
<testsuite hostname="ANIIN1L405097" failures="0" tests="1" name="testcases.TC_14_VerifyAddToWishList" time="49.445" errors="0" timestamp="09 Sep 2021 12:09:48 GMT" skipped="0">
  <testcase classname="testcases.TC_14_VerifyAddToWishList" name="verifyAddToWishList" time="49.445"/>
</testsuite> <!-- testcases.TC_14_VerifyAddToWishList -->
