<?xml version="1.0" encoding="UTF-8"?>
<!-- Generated by org.testng.reporters.JUnitReportReporter -->
<testsuite hostname="ANIIN1L405097" failures="0" tests="1" name="testcases.TC_01_LoginValid" time="17.127" errors="0" timestamp="14 Sep 2021 16:50:49 GMT" skipped="0">
  <testcase classname="testcases.TC_01_LoginValid" name="loginValid" time="17.127"/>
</testsuite> <!-- testcases.TC_01_LoginValid -->
