<?xml version="1.0" encoding="UTF-8"?>
<!-- Generated by org.testng.reporters.JUnitReportReporter -->
<testsuite hostname="ANIIN1L405097" failures="0" tests="1" name="testcases.TC_11_ResultsClickOpensInNewTab" time="11.008" errors="0" timestamp="31 Aug 2021 15:55:41 GMT" skipped="0">
  <testcase classname="testcases.TC_11_ResultsClickOpensInNewTab" name="resultsClickOpensInNewTab" time="11.008"/>
</testsuite> <!-- testcases.TC_11_ResultsClickOpensInNewTab -->
