<?xml version="1.0" encoding="UTF-8"?>
<!-- Generated by org.testng.reporters.JUnitReportReporter -->
<testsuite hostname="ANIIN1L405097" failures="0" tests="1" name="testcases.TC_14_VerifyAddToWishList" time="29.147" errors="0" timestamp="14 Sep 2021 16:50:49 GMT" skipped="0">
  <testcase classname="testcases.TC_14_VerifyAddToWishList" name="verifyAddToWishList" time="29.147"/>
</testsuite> <!-- testcases.TC_14_VerifyAddToWishList -->
