<?xml version="1.0" encoding="UTF-8"?>
<!-- Generated by org.testng.reporters.JUnitReportReporter -->
<testsuite hostname="ANIIN1L405097" failures="0" tests="1" name="testcases.TC_16_DealsPrevNextButtons" time="36.775" errors="0" timestamp="11 Sep 2021 03:33:24 GMT" skipped="0">
  <testcase classname="testcases.TC_16_DealsPrevNextButtons" name="dealsPrevNextButtonsWorking" time="36.775"/>
</testsuite> <!-- testcases.TC_16_DealsPrevNextButtons -->
