<?xml version="1.0" encoding="UTF-8"?>
<!-- Generated by org.testng.reporters.JUnitReportReporter -->
<testsuite hostname="ANIIN1L405097" failures="0" tests="1" name="testcases.TC_09_WaterTextOfSearchBox" time="9.284" errors="0" timestamp="31 Aug 2021 10:58:25 GMT" skipped="0">
  <testcase classname="testcases.TC_09_WaterTextOfSearchBox" name="waterTextOfSearchBox" time="9.284"/>
</testsuite> <!-- testcases.TC_09_WaterTextOfSearchBox -->
