<?xml version="1.0" encoding="UTF-8"?>
<!-- Generated by org.testng.reporters.JUnitReportReporter -->
<testsuite hostname="ANIIN1L405097" failures="0" tests="1" name="testcases.TC_04_LoginBlankId" time="12.322" errors="0" timestamp="01 Oct 2021 15:04:01 GMT" skipped="0">
  <testcase classname="testcases.TC_04_LoginBlankId" name="loginBlankId" time="12.322"/>
</testsuite> <!-- testcases.TC_04_LoginBlankId -->
