<?xml version="1.0" encoding="UTF-8"?>
<!-- Generated by org.testng.reporters.JUnitReportReporter -->
<testsuite hostname="ANIIN1L405097" failures="0" tests="1" name="testcases.TC_13_VerifyDeleteFromCart" time="23.984" errors="0" timestamp="03 Sep 2021 15:55:40 GMT" skipped="0">
  <testcase classname="testcases.TC_13_VerifyDeleteFromCart" name="verifyDeleteFromCart" time="23.984"/>
</testsuite> <!-- testcases.TC_13_VerifyDeleteFromCart -->
