<?xml version="1.0" encoding="UTF-8"?>
<!-- Generated by org.testng.reporters.JUnitReportReporter -->
<testsuite hostname="ANIIN1L405097" failures="0" tests="1" name="testcases.TC_10_SearchResults" time="11.054" errors="0" timestamp="21 Nov 2021 09:16:14 GMT" skipped="0">
  <testcase classname="testcases.TC_10_SearchResults" name="verifySearchResults" time="11.054"/>
</testsuite> <!-- testcases.TC_10_SearchResults -->
