<?xml version="1.0" encoding="UTF-8"?>
<!-- Generated by org.testng.reporters.JUnitReportReporter -->
<testsuite hostname="ANIIN1L405097" failures="0" tests="1" name="testcases.TC_002" time="1.410" errors="0" timestamp="29 Aug 2021 10:45:34 GMT" skipped="0">
  <testcase classname="testcases.TC_002" name="loginTest" time="1.410"/>
</testsuite> <!-- testcases.TC_002 -->
