<?xml version="1.0" encoding="UTF-8"?>
<!-- Generated by org.testng.reporters.JUnitReportReporter -->
<testsuite hostname="ANIIN1L405097" failures="0" tests="2" name="testcases.TC_12_VerifyAddToCart" time="24.146" errors="0" timestamp="03 Sep 2021 15:49:16 GMT" skipped="1">
  <testcase classname="testcases.TC_12_VerifyAddToCart" name="verifyDeleteFromCart" time="24.146"/>
  <testcase classname="testcases.TC_12_VerifyAddToCart" name="verifyAddToCart">
    <skipped/>
  </testcase> <!-- verifyAddToCart -->
</testsuite> <!-- testcases.TC_12_VerifyAddToCart -->
