<?xml version="1.0" encoding="UTF-8"?>
<!-- Generated by org.testng.reporters.JUnitReportReporter -->
<testsuite hostname="ANIIN1L405097" failures="0" tests="1" name="testcases.TC_12_VerifyAddToCart" time="26.607" errors="0" timestamp="03 Sep 2021 01:51:10 GMT" skipped="0">
  <testcase classname="testcases.TC_12_VerifyAddToCart" name="verifyAddToCart" time="26.607"/>
</testsuite> <!-- testcases.TC_12_VerifyAddToCart -->
