<?xml version="1.0" encoding="UTF-8"?>
<!-- Generated by org.testng.reporters.JUnitReportReporter -->
<testsuite hostname="ANIIN1L405097" failures="0" tests="1" name="testcases.TC_001_LoginTest" time="1.601" errors="0" timestamp="29 Aug 2021 10:10:59 GMT" skipped="0">
  <testcase classname="testcases.TC_001_LoginTest" name="loginTest" time="1.601"/>
</testsuite> <!-- testcases.TC_001_LoginTest -->
