<?xml version="1.0" encoding="UTF-8"?>
<!-- Generated by org.testng.reporters.JUnitReportReporter -->
<testsuite hostname="ANIIN1L405097" failures="0" tests="1" name="testcases.TC_01_LoginValid" time="19.488" errors="0" timestamp="09 Sep 2021 11:00:38 GMT" skipped="0">
  <testcase classname="testcases.TC_01_LoginValid" name="loginValid" time="19.488"/>
</testsuite> <!-- testcases.TC_01_LoginValid -->
