<?xml version="1.0" encoding="UTF-8"?>
<!-- Generated by org.testng.reporters.JUnitReportReporter -->
<testsuite hostname="ANIIN1L405097" failures="0" tests="1" name="testcases.TC_13_VerifyDeleteFromCart" time="37.871" errors="0" timestamp="06 Sep 2021 14:12:05 GMT" skipped="0">
  <testcase classname="testcases.TC_13_VerifyDeleteFromCart" name="verifyDeleteFromCart" time="37.871"/>
</testsuite> <!-- testcases.TC_13_VerifyDeleteFromCart -->
