<?xml version="1.0" encoding="UTF-8"?>
<!-- Generated by org.testng.reporters.JUnitReportReporter -->
<testsuite hostname="ANIIN1L405097" failures="0" tests="1" name="testcases.TC_02_LoginInvalidId" time="11.634" errors="0" timestamp="09 Sep 2021 11:00:38 GMT" skipped="0">
  <testcase classname="testcases.TC_02_LoginInvalidId" name="loginInvalidId" time="11.634"/>
</testsuite> <!-- testcases.TC_02_LoginInvalidId -->
