<?xml version="1.0" encoding="UTF-8"?>
<!-- Generated by org.testng.reporters.JUnitReportReporter -->
<testsuite hostname="ANIIN1L405097" failures="0" tests="1" name="testcases.TC_02_SearchSuggestions" time="12.602" errors="0" timestamp="31 Aug 2021 08:19:49 GMT" skipped="0">
  <testcase classname="testcases.TC_02_SearchSuggestions" name="verifySearchSuggestions" time="12.602"/>
</testsuite> <!-- testcases.TC_02_SearchSuggestions -->
