<?xml version="1.0" encoding="UTF-8"?>
<!-- Generated by org.testng.reporters.JUnitReportReporter -->
<testsuite hostname="ANIIN1L405097" failures="0" tests="1" name="testcases.TC_15_VerifyDailyDealsCardDisplay" time="10.105" errors="0" timestamp="14 Sep 2021 16:50:48 GMT" skipped="0">
  <testcase classname="testcases.TC_15_VerifyDailyDealsCardDisplay" name="VerifyDailyDealsCardDisplay" time="10.105"/>
</testsuite> <!-- testcases.TC_15_VerifyDailyDealsCardDisplay -->
