<?xml version="1.0" encoding="UTF-8"?>
<!-- Generated by org.testng.reporters.JUnitReportReporter -->
<testsuite hostname="ANIIN1L405097" failures="0" tests="3" name="testcases.TC_00_LoginDDT" time="45.111" errors="0" timestamp="21 Nov 2021 09:16:14 GMT" skipped="0">
  <testcase classname="testcases.TC_00_LoginDDT" name="loginDDT" time="14.180"/>
  <testcase classname="testcases.TC_00_LoginDDT" name="loginDDT" time="16.346"/>
  <testcase classname="testcases.TC_00_LoginDDT" name="loginDDT" time="14.585"/>
</testsuite> <!-- testcases.TC_00_LoginDDT -->
