<?xml version="1.0" encoding="UTF-8"?>
<!-- Generated by org.testng.reporters.JUnitReportReporter -->
<testsuite hostname="ANIIN1L405097" failures="0" tests="1" name="testcases.TC_CustomerServicePageDesiredOptions" time="13.814" errors="0" timestamp="12 Sep 2021 16:56:09 GMT" skipped="0">
  <testcase classname="testcases.TC_CustomerServicePageDesiredOptions" name="customerServicePageDesiredOptions" time="13.814"/>
</testsuite> <!-- testcases.TC_CustomerServicePageDesiredOptions -->
