<?xml version="1.0" encoding="UTF-8"?>
<!-- Generated by org.testng.reporters.JUnitReportReporter -->
<testsuite hostname="ANIIN1L405097" failures="0" tests="1" name="testcases.TC_19_CategoriesInSearchBox" time="52.081" errors="0" timestamp="04 Nov 2021 09:36:47 GMT" skipped="0">
  <testcase classname="testcases.TC_19_CategoriesInSearchBox" name="categoriesInSearchBox" time="52.081"/>
</testsuite> <!-- testcases.TC_19_CategoriesInSearchBox -->
