<?xml version="1.0" encoding="UTF-8"?>
<!-- Generated by org.testng.reporters.JUnitReportReporter -->
<testsuite hostname="ANIIN1L405097" failures="0" tests="1" name="testcases.TC_18_ContactUsFunctionality" time="30.722" errors="0" timestamp="13 Sep 2021 15:50:04 GMT" skipped="0">
  <testcase classname="testcases.TC_18_ContactUsFunctionality" name="contactUsFunctionality" time="30.722"/>
</testsuite> <!-- testcases.TC_18_ContactUsFunctionality -->
