<?xml version="1.0" encoding="UTF-8"?>
<!-- Generated by org.testng.reporters.JUnitReportReporter -->
<testsuite hostname="ANIIN1L405097" failures="0" tests="1" name="testcases.TC_09_SearchSuggestions" time="30.439" errors="0" timestamp="31 Aug 2021 14:24:09 GMT" skipped="0">
  <testcase classname="testcases.TC_09_SearchSuggestions" name="verifySearchSuggestionsCharByChar" time="30.439"/>
</testsuite> <!-- testcases.TC_09_SearchSuggestions -->
