<?xml version="1.0" encoding="UTF-8"?>
<!-- Generated by org.testng.reporters.JUnitReportReporter -->
<testsuite hostname="ANIIN1L405097" failures="0" tests="1" name="testcases.TC_14_VerifyAddToWishList" time="34.790" errors="0" timestamp="07 Nov 2021 08:50:26 GMT" skipped="0">
  <testcase classname="testcases.TC_14_VerifyAddToWishList" name="verifyAddToWishList" time="34.790"/>
</testsuite> <!-- testcases.TC_14_VerifyAddToWishList -->
