<?xml version="1.0" encoding="UTF-8"?>
<!-- Generated by org.testng.reporters.JUnitReportReporter -->
<testsuite hostname="ANIIN1L405097" failures="0" tests="1" name="testcases.TC_16_DealsPrevNextButtons" time="39.282" errors="0" timestamp="12 Sep 2021 13:39:34 GMT" skipped="0">
  <testcase classname="testcases.TC_16_DealsPrevNextButtons" name="dealsPrevNextButtonsWorking" time="39.282"/>
</testsuite> <!-- testcases.TC_16_DealsPrevNextButtons -->
