<?xml version="1.0" encoding="UTF-8"?>
<!-- Generated by org.testng.reporters.JUnitReportReporter -->
<testsuite hostname="ANIIN1L405097" failures="0" tests="1" name="testcases.TC_02_LoginInvalidId" time="13.378" errors="0" timestamp="06 Sep 2021 14:12:05 GMT" skipped="0">
  <testcase classname="testcases.TC_02_LoginInvalidId" name="loginInvalidId" time="13.378"/>
</testsuite> <!-- testcases.TC_02_LoginInvalidId -->
