<?xml version="1.0" encoding="UTF-8"?>
<!-- Generated by org.testng.reporters.JUnitReportReporter -->
<testsuite hostname="ANIIN1L405097" failures="0" tests="1" name="testcases.TC_16_DealsPrevNextButtons" time="34.663" errors="0" timestamp="10 Sep 2021 09:32:34 GMT" skipped="0">
  <testcase classname="testcases.TC_16_DealsPrevNextButtons" name="dealsPrevNextButtonsWorking" time="34.663"/>
</testsuite> <!-- testcases.TC_16_DealsPrevNextButtons -->
