<?xml version="1.0" encoding="UTF-8"?>
<!-- Generated by org.testng.reporters.JUnitReportReporter -->
<testsuite hostname="ANIIN1L405097" failures="0" tests="1" name="testcases.TC_03_LoginInvalidPassword" time="19.335" errors="0" timestamp="14 Sep 2021 15:24:12 GMT" skipped="0">
  <testcase classname="testcases.TC_03_LoginInvalidPassword" name="loginInvalidPassword" time="19.335"/>
</testsuite> <!-- testcases.TC_03_LoginInvalidPassword -->
