<?xml version="1.0" encoding="UTF-8"?>
<!-- Generated by org.testng.reporters.JUnitReportReporter -->
<testsuite hostname="ANIIN1L405097" failures="0" tests="3" name="testcases.TC_00_LoginDDT" time="101.148" errors="0" timestamp="04 Nov 2021 18:14:02 GMT" skipped="0">
  <testcase classname="testcases.TC_00_LoginDDT" name="loginDDT" time="45.065"/>
  <testcase classname="testcases.TC_00_LoginDDT" name="loginDDT" time="42.936"/>
  <testcase classname="testcases.TC_00_LoginDDT" name="loginDDT" time="13.147"/>
</testsuite> <!-- testcases.TC_00_LoginDDT -->
