<?xml version="1.0" encoding="UTF-8"?>
<!-- Generated by org.testng.reporters.JUnitReportReporter -->
<testsuite hostname="ANIIN1L405097" failures="0" tests="1" name="testcases.TC_18_ContactUsFunctionality" time="27.006" errors="0" timestamp="14 Sep 2021 16:50:48 GMT" skipped="0">
  <testcase classname="testcases.TC_18_ContactUsFunctionality" name="contactUsFunctionality" time="27.006"/>
</testsuite> <!-- testcases.TC_18_ContactUsFunctionality -->
